<?xml version="1.0" encoding="UTF-8"?>
<testng-results ignored="0" total="3" passed="2" failed="1" skipped="0">
  <reporter-output>
  </reporter-output>
  <suite started-at="2024-06-20T16:31:13 SGT" name="Test Automation Framework" finished-at="2024-06-20T16:32:01 SGT" duration-ms="48300">
    <groups>
    </groups>
    <test started-at="2024-06-20T16:31:13 SGT" name="Automation Test" finished-at="2024-06-20T16:32:01 SGT" duration-ms="48300">
      <class name="MavenProject.AutomationinMaven.Test2">
        <test-method is-config="true" signature="beforeMethod()[pri:0, instance:MavenProject.AutomationinMaven.Test2@548d708a]" started-at="2024-06-20T16:31:20 SGT" name="beforeMethod" finished-at="2024-06-20T16:31:24 SGT" duration-ms="4183" status="PASS">
          <reporter-output>
          </reporter-output>
        </test-method> <!-- beforeMethod -->
        <test-method signature="testTextfield()[pri:0, instance:MavenProject.AutomationinMaven.Test2@548d708a]" started-at="2024-06-20T16:31:24 SGT" name="testTextfield" finished-at="2024-06-20T16:31:34 SGT" duration-ms="10014" status="PASS">
          <reporter-output>
          </reporter-output>
        </test-method> <!-- testTextfield -->
        <test-method is-config="true" signature="afterMethod()[pri:0, instance:MavenProject.AutomationinMaven.Test2@548d708a]" started-at="2024-06-20T16:31:34 SGT" name="afterMethod" finished-at="2024-06-20T16:31:39 SGT" duration-ms="4582" status="PASS">
          <reporter-output>
          </reporter-output>
        </test-method> <!-- afterMethod -->
      </class> <!-- MavenProject.AutomationinMaven.Test2 -->
      <class name="MavenProject.AutomationinMaven.Test1">
        <test-method is-config="true" signature="beforeMethod()[pri:0, instance:MavenProject.AutomationinMaven.Test1@2ddc9a9f]" started-at="2024-06-20T16:31:13 SGT" name="beforeMethod" finished-at="2024-06-20T16:31:18 SGT" duration-ms="5236" status="PASS">
          <reporter-output>
          </reporter-output>
        </test-method> <!-- beforeMethod -->
        <test-method signature="testHeading(java.lang.String)[pri:0, instance:MavenProject.AutomationinMaven.Test1@2ddc9a9f]" started-at="2024-06-20T16:31:18 SGT" name="testHeading" data-provider="dp" finished-at="2024-06-20T16:31:18 SGT" duration-ms="99" status="PASS">
          <params>
            <param index="0">
              <value>
                <![CDATA[todos]]>
              </value>
            </param>
          </params>
          <reporter-output>
          </reporter-output>
        </test-method> <!-- testHeading -->
        <test-method is-config="true" signature="afterMethod()[pri:0, instance:MavenProject.AutomationinMaven.Test1@2ddc9a9f]" started-at="2024-06-20T16:31:18 SGT" name="afterMethod" finished-at="2024-06-20T16:31:20 SGT" duration-ms="1648" status="PASS">
          <reporter-output>
          </reporter-output>
        </test-method> <!-- afterMethod -->
      </class> <!-- MavenProject.AutomationinMaven.Test1 -->
      <class name="MavenProject.AutomationinMaven.Test3">
        <test-method signature="testCheckbox()[pri:0, instance:MavenProject.AutomationinMaven.Test3@4b013c76]" started-at="2024-06-20T16:31:39 SGT" name="testCheckbox" finished-at="2024-06-20T16:32:01 SGT" duration-ms="22427" status="FAIL">
          <exception class="org.openqa.selenium.ElementNotInteractableException">
            <message>
              <![CDATA[element not interactable
  (Session info: MicrosoftEdge=126.0.2592.56)
Build info: version: '4.18.0', revision: 'b6bf9de7cc*'
System info: os.name: 'Windows 10', os.arch: 'amd64', os.version: '10.0', java.version: '17.0.10'
Driver info: org.openqa.selenium.edge.EdgeDriver
Command: [e79a5060c99e2f03b0e210f2e3020b8c, clickElement {id=f.82061BA8F4CDD50D61FB52A50474CF01.d.F97E91D1929EC5489BB178957C1511F3.e.79}]
Capabilities {acceptInsecureCerts: false, browserName: MicrosoftEdge, browserVersion: 126.0.2592.56, fedcm:accounts: true, ms:edgeOptions: {debuggerAddress: localhost:60645}, msedge: {msedgedriverVersion: 126.0.2592.61 (12efce1c0fb4..., userDataDir: C:\Users\Darwin\AppData\Loc...}, networkConnectionEnabled: false, pageLoadStrategy: normal, platformName: windows, proxy: Proxy(), se:cdp: ws://localhost:60645/devtoo..., se:cdpVersion: 126.0.2592.56, setWindowRect: true, strictFileInteractability: false, timeouts: {implicit: 0, pageLoad: 300000, script: 30000}, unhandledPromptBehavior: dismiss and notify, webauthn:extension:credBlob: true, webauthn:extension:largeBlob: true, webauthn:extension:minPinLength: true, webauthn:extension:prf: true, webauthn:virtualAuthenticators: true}
Element: [[EdgeDriver: MicrosoftEdge on windows (e79a5060c99e2f03b0e210f2e3020b8c)] -> xpath: //button[@data-testid = 'todo-item-button']]
Session ID: e79a5060c99e2f03b0e210f2e3020b8c]]>
            </message>
            <full-stacktrace>
              <![CDATA[org.openqa.selenium.ElementNotInteractableException: element not interactable
  (Session info: MicrosoftEdge=126.0.2592.56)
Build info: version: '4.18.0', revision: 'b6bf9de7cc*'
System info: os.name: 'Windows 10', os.arch: 'amd64', os.version: '10.0', java.version: '17.0.10'
Driver info: org.openqa.selenium.edge.EdgeDriver
Command: [e79a5060c99e2f03b0e210f2e3020b8c, clickElement {id=f.82061BA8F4CDD50D61FB52A50474CF01.d.F97E91D1929EC5489BB178957C1511F3.e.79}]
Capabilities {acceptInsecureCerts: false, browserName: MicrosoftEdge, browserVersion: 126.0.2592.56, fedcm:accounts: true, ms:edgeOptions: {debuggerAddress: localhost:60645}, msedge: {msedgedriverVersion: 126.0.2592.61 (12efce1c0fb4..., userDataDir: C:\Users\Darwin\AppData\Loc...}, networkConnectionEnabled: false, pageLoadStrategy: normal, platformName: windows, proxy: Proxy(), se:cdp: ws://localhost:60645/devtoo..., se:cdpVersion: 126.0.2592.56, setWindowRect: true, strictFileInteractability: false, timeouts: {implicit: 0, pageLoad: 300000, script: 30000}, unhandledPromptBehavior: dismiss and notify, webauthn:extension:credBlob: true, webauthn:extension:largeBlob: true, webauthn:extension:minPinLength: true, webauthn:extension:prf: true, webauthn:virtualAuthenticators: true}
Element: [[EdgeDriver: MicrosoftEdge on windows (e79a5060c99e2f03b0e210f2e3020b8c)] -> xpath: //button[@data-testid = 'todo-item-button']]
Session ID: e79a5060c99e2f03b0e210f2e3020b8c
at java.base/jdk.internal.reflect.NativeConstructorAccessorImpl.newInstance0(Native Method)
at java.base/jdk.internal.reflect.NativeConstructorAccessorImpl.newInstance(NativeConstructorAccessorImpl.java:77)
at java.base/jdk.internal.reflect.DelegatingConstructorAccessorImpl.newInstance(DelegatingConstructorAccessorImpl.java:45)
at java.base/java.lang.reflect.Constructor.newInstanceWithCaller(Constructor.java:499)
at java.base/java.lang.reflect.Constructor.newInstance(Constructor.java:480)
at org.openqa.selenium.remote.ErrorCodec.decode(ErrorCodec.java:167)
at org.openqa.selenium.remote.codec.w3c.W3CHttpResponseCodec.decode(W3CHttpResponseCodec.java:138)
at org.openqa.selenium.remote.codec.w3c.W3CHttpResponseCodec.decode(W3CHttpResponseCodec.java:50)
at org.openqa.selenium.remote.HttpCommandExecutor.execute(HttpCommandExecutor.java:190)
at org.openqa.selenium.remote.service.DriverCommandExecutor.invokeExecute(DriverCommandExecutor.java:216)
at org.openqa.selenium.remote.service.DriverCommandExecutor.execute(DriverCommandExecutor.java:174)
at org.openqa.selenium.remote.RemoteWebDriver.execute(RemoteWebDriver.java:519)
at org.openqa.selenium.remote.RemoteWebElement.execute(RemoteWebElement.java:223)
at org.openqa.selenium.remote.RemoteWebElement.click(RemoteWebElement.java:76)
at MavenProject.AutomationinMaven.Test3.testCheckbox(Test3.java:66)
at java.base/jdk.internal.reflect.NativeMethodAccessorImpl.invoke0(Native Method)
at java.base/jdk.internal.reflect.NativeMethodAccessorImpl.invoke(NativeMethodAccessorImpl.java:77)
at java.base/jdk.internal.reflect.DelegatingMethodAccessorImpl.invoke(DelegatingMethodAccessorImpl.java:43)
at java.base/java.lang.reflect.Method.invoke(Method.java:568)
at org.testng.internal.invokers.MethodInvocationHelper.invokeMethod(MethodInvocationHelper.java:139)
at org.testng.internal.invokers.TestInvoker.invokeMethod(TestInvoker.java:677)
at org.testng.internal.invokers.TestInvoker.invokeTestMethod(TestInvoker.java:221)
at org.testng.internal.invokers.MethodRunner.runInSequence(MethodRunner.java:50)
at org.testng.internal.invokers.TestInvoker$MethodInvocationAgent.invoke(TestInvoker.java:969)
at org.testng.internal.invokers.TestInvoker.invokeTestMethods(TestInvoker.java:194)
at org.testng.internal.invokers.TestMethodWorker.invokeTestMethods(TestMethodWorker.java:148)
at org.testng.internal.invokers.TestMethodWorker.run(TestMethodWorker.java:128)
at java.base/java.util.ArrayList.forEach(ArrayList.java:1511)
at org.testng.TestRunner.privateRun(TestRunner.java:829)
at org.testng.TestRunner.run(TestRunner.java:602)
at org.testng.SuiteRunner.runTest(SuiteRunner.java:437)
at org.testng.SuiteRunner.runSequentially(SuiteRunner.java:431)
at org.testng.SuiteRunner.privateRun(SuiteRunner.java:391)
at org.testng.SuiteRunner.run(SuiteRunner.java:330)
at org.testng.SuiteRunnerWorker.runSuite(SuiteRunnerWorker.java:52)
at org.testng.SuiteRunnerWorker.run(SuiteRunnerWorker.java:95)
at org.testng.TestNG.runSuitesSequentially(TestNG.java:1256)
at org.testng.TestNG.runSuitesLocally(TestNG.java:1176)
at org.testng.TestNG.runSuites(TestNG.java:1099)
at org.testng.TestNG.run(TestNG.java:1067)
at org.testng.remote.AbstractRemoteTestNG.run(AbstractRemoteTestNG.java:115)
at org.testng.remote.RemoteTestNG.initAndRun(RemoteTestNG.java:251)
at org.testng.remote.RemoteTestNG.main(RemoteTestNG.java:77)
]]>
            </full-stacktrace>
          </exception> <!-- org.openqa.selenium.ElementNotInteractableException -->
          <reporter-output>
          </reporter-output>
        </test-method> <!-- testCheckbox -->
      </class> <!-- MavenProject.AutomationinMaven.Test3 -->
    </test> <!-- Automation Test -->
  </suite> <!-- Test Automation Framework -->
</testng-results>
