<?xml version="1.0" encoding="UTF-8"?>
<!-- Generated by org.testng.reporters.JUnitXMLReporter -->
<testsuite ignored="0" hostname="DESKTOP-M6P9LA0" failures="0" tests="3" name="Automation Test" time="22.369" errors="0" timestamp="2024-06-18T13:13:45 SGT">
  <testcase classname="MavenProject.AutomationinMaven.HardAssertTest" name="f" time="0.102"/>
  <testcase classname="MavenProject.AutomationinMaven.DataproviderTest" name="test" time="0.572"/>
  <testcase classname="MavenProject.AutomationinMaven.DataproviderTest" name="test" time="0.544"/>
</testsuite> <!-- Automation Test -->
